081109 203615 148 INFO Authentication: User login successful for admin
081109 203616 149 INFO Database: Connection established to primary DB
081109 203618 150 INFO Firewall: Rule 24 applied - allow SSH traffic
081109 203620 151 INFO System: Memory usage at 67%
081109 203622 152 INFO Network: Interface eth0 up - 192.168.1.100
081109 203624 153 INFO Security: SSL certificate validated
081109 203626 154 INFO Backup: Incremental backup started
081109 203628 155 INFO Monitor: CPU temperature normal at 45°C
081109 203630 156 INFO Application: Web server started on port 443
081109 203632 157 INFO Database: Query executed in 12ms
081109 203912 158 WARNING Security: Failed login attempt from 10.0.0.25
081109 203914 159 INFO System: Disk space at 82% capacity
081109 203916 160 INFO Network: Packet loss detected on interface eth1
081109 203918 161 INFO Application: Session timeout for user guest
081109 203920 162 INFO Firewall: Blocked suspicious traffic from 203.0.113.0
081109 205112 163 ERROR Database: Connection timeout after 30 seconds
081109 205114 164 INFO System: Automatic restart of service mysql
081109 205116 165 INFO Backup: Incremental backup completed successfully
081109 205118 166 INFO Security: Password policy updated - minimum 12 chars
081109 205120 167 INFO Network: DNS resolution failed for external.domain.com
081109 205122 168 INFO Application: Cache cleared - 1.2GB freed
081109 205124 169 INFO Monitor: Alert threshold reached for memory usage
081109 225024 170 CRITICAL Security: Intrusion detected - multiple failed logins
081109 225026 171 ERROR Firewall: Rule processing failed - memory exhausted
081109 225028 172 INFO System: Emergency shutdown initiated
081109 225030 173 INFO Security: Incident report generated and sent
081109 225032 174 INFO Backup: Emergency backup completed
INFO Authentication: User logout for admin - missing timestamp
081109 225034 175 INFO System: Services restored after emergency shutdown
081109 225036 176 INFO Network: All interfaces operational
081109 225038 177 INFO Application: Health check passed for all modules
081109 225040 178 INFO Security: Post-incident scan completed - no threats found
GARBLED TEXT 081109 225042 ERROR System: Corrupted log entry detected
081109 225044 179 INFO Monitor: System stability restored to normal levels
